Using pre-set license
Built from '2020.3/release' branch; Version is '2020.3.2f1 (8fd9074bf66c) revision 9427207'; Using compiler version '192528614'; Build Type 'Release'
OS: 'Windows 10 Pro; OS build 19042.1052; Version 2009; 64bit' Language: 'de' Physical Memory: 16334 MB
BatchMode: 1, IsHumanControllingUs: 0, StartBugReporterOnCrash: 0, Is64bit: 1, IsPro: 0

 COMMAND LINE ARGUMENTS:
C:\Program Files\Unity\Hub\Editor\2020.3.2f1\Editor\Unity.exe
-adb2
-batchMode
-noUpm
-name
AssetImportWorker0
-projectPath
C:/Users/juriw/Desktop/Projekts/Unity/Übung3
-logFile
Logs/AssetImportWorker0.log
-srvPort
56498
Successfully changed project path to: C:/Users/juriw/Desktop/Projekts/Unity/Übung3
C:/Users/juriw/Desktop/Projekts/Unity/Übung3
Using Asset Import Pipeline V2.
Refreshing native plugins compatible for Editor in 60.31 ms, found 0 plugins.
Preloading 0 native plugins for Editor in 0.00 ms.
Initialize engine version: 2020.3.2f1 (8fd9074bf66c)
[Subsystems] Discovering subsystems at path C:/Program Files/Unity/Hub/Editor/2020.3.2f1/Editor/Data/Resources/UnitySubsystems
[Subsystems] Discovering subsystems at path C:/Users/juriw/Desktop/Projekts/Unity/Übung3/Assets
GfxDevice: creating device client; threaded=0
Direct3D:
    Version:  Direct3D 11.0 [level 11.1]
    Renderer: NVIDIA GeForce GTX 1070 (ID=0x1b81)
    Vendor:   
    VRAM:     8088 MB
    Driver:   27.21.14.6647
Initialize mono
Mono path[0] = 'C:/Program Files/Unity/Hub/Editor/2020.3.2f1/Editor/Data/Managed'
Mono path[1] = 'C:/Program Files/Unity/Hub/Editor/2020.3.2f1/Editor/Data/MonoBleedingEdge/lib/mono/unityjit'
Mono config path = 'C:/Program Files/Unity/Hub/Editor/2020.3.2f1/Editor/Data/MonoBleedingEdge/etc'
Using monoOptions --debugger-agent=transport=dt_socket,embedding=1,server=y,suspend=n,address=127.0.0.1:56672
Begin MonoManager ReloadAssembly
Registering precompiled unity dll's ...
Register platform support module: C:/Program Files/Unity/Hub/Editor/2020.3.2f1/Editor/Data/PlaybackEngines/WindowsStandaloneSupport/UnityEditor.WindowsStandalone.Extensions.dll
Registered in 0.001672 seconds.
Native extension for WindowsStandalone target not found
Refreshing native plugins compatible for Editor in 62.79 ms, found 0 plugins.
Preloading 0 native plugins for Editor in 0.00 ms.
Invoked RoslynAnalysisRunner static constructor.
RoslynAnalysisRunner will not be running.
RoslynAnalysisRunner has terminated.
Mono: successfully reloaded assembly
- Completed reload, in  0.993 seconds
Platform modules already initialized, skipping
Registering precompiled user dll's ...
Registered in 0.001128 seconds.
Begin MonoManager ReloadAssembly
Native extension for WindowsStandalone target not found
Refreshing native plugins compatible for Editor in 66.40 ms, found 0 plugins.
Preloading 0 native plugins for Editor in 0.00 ms.
Invoked RoslynAnalysisRunner static constructor.
RoslynAnalysisRunner will not be running.
RoslynAnalysisRunner has terminated.
Mono: successfully reloaded assembly
- Completed reload, in  1.118 seconds
Platform modules already initialized, skipping
========================================================================
Worker process is ready to serve import requests
Launched and connected shader compiler UnityShaderCompiler.exe after 0.03 seconds
Refreshing native plugins compatible for Editor in 0.80 ms, found 0 plugins.
Preloading 0 native plugins for Editor in 0.00 ms.
Unloading 3512 Unused Serialized files (Serialized files now loaded: 0)
System memory in use before: 252.2 MB.
System memory in use after: 250.0 MB.

Unloading 34 unused Assets to reduce memory usage. Loaded Objects now: 3961.
Total: 6.849400 ms (FindLiveObjects: 0.906700 ms CreateObjectMapping: 0.122600 ms MarkObjects: 4.151500 ms  DeleteObjects: 1.666800 ms)

========================================================================
Received Import Request.
  path: Assets/Materials/J1-Mat.mat
  artifactKey: Guid(9f07d560bb272aa4f8847790d266d51a) Importer(815301076,1909f56bfc062723c751e8b465ee728b)
Start importing Assets/Materials/J1-Mat.mat using Guid(9f07d560bb272aa4f8847790d266d51a) Importer(815301076,1909f56bfc062723c751e8b465ee728b) Launched and connected shader compiler UnityShaderCompiler.exe after 0.03 seconds
Launched and connected shader compiler UnityShaderCompiler.exe after 0.03 seconds
Launched and connected shader compiler UnityShaderCompiler.exe after 0.03 seconds
Launched and connected shader compiler UnityShaderCompiler.exe after 0.03 seconds
Launched and connected shader compiler UnityShaderCompiler.exe after 0.03 seconds
Launched and connected shader compiler UnityShaderCompiler.exe after 0.03 seconds
Launched and connected shader compiler UnityShaderCompiler.exe after 0.03 seconds
Launched and connected shader compiler UnityShaderCompiler.exe after 0.03 seconds
Launched and connected shader compiler UnityShaderCompiler.exe after 0.03 seconds
Launched and connected shader compiler UnityShaderCompiler.exe after 0.03 seconds
Launched and connected shader compiler UnityShaderCompiler.exe after 0.03 seconds
Launched and connected shader compiler UnityShaderCompiler.exe after 0.04 seconds
Launched and connected shader compiler UnityShaderCompiler.exe after 0.03 seconds
Launched and connected shader compiler UnityShaderCompiler.exe after 0.04 seconds
Launched and connected shader compiler UnityShaderCompiler.exe after 0.03 seconds
 -> (artifact id: 'cc7c90dcb4314b6c5a18bcad30dff19f') in 1.252732 seconds
  Import took 1.261458 seconds .

========================================================================
Received Import Request.
  Time since last request: 0.000309 seconds.
  path: Assets/Materials/K2-Mat.mat
  artifactKey: Guid(943630f0ebfe98249af69ca514928f8a) Importer(815301076,1909f56bfc062723c751e8b465ee728b)
Start importing Assets/Materials/K2-Mat.mat using Guid(943630f0ebfe98249af69ca514928f8a) Importer(815301076,1909f56bfc062723c751e8b465ee728b)  -> (artifact id: 'b2d037b761f457494f0d07b7c981db81') in 0.041711 seconds
  Import took 0.049597 seconds .

========================================================================
Received Import Request.
  Time since last request: 0.000475 seconds.
  path: Assets/Materials/K4-Mat.mat
  artifactKey: Guid(76f87e239a115c84da3f14672d907f09) Importer(815301076,1909f56bfc062723c751e8b465ee728b)
Start importing Assets/Materials/K4-Mat.mat using Guid(76f87e239a115c84da3f14672d907f09) Importer(815301076,1909f56bfc062723c751e8b465ee728b)  -> (artifact id: '185fee25a64edbabff98a6e0aa764055') in 0.033972 seconds
  Import took 0.040912 seconds .

========================================================================
Received Import Request.
  Time since last request: 10.654305 seconds.
  path: Assets/Prefabs/Planets/K4-Planet.prefab
  artifactKey: Guid(e0773f143b201ad4793288011421c459) Importer(815301076,1909f56bfc062723c751e8b465ee728b)
Start importing Assets/Prefabs/Planets/K4-Planet.prefab using Guid(e0773f143b201ad4793288011421c459) Importer(815301076,1909f56bfc062723c751e8b465ee728b)  -> (artifact id: '9d4dd2b5634615b4347d0c432cc7c753') in 0.038900 seconds
  Import took 0.045716 seconds .

========================================================================
Received Import Request.
  Time since last request: 1.000456 seconds.
  path: Assets/Prefabs/Planets/J1-Planet-Red.prefab
  artifactKey: Guid(4df3e6c81aa2e544caa858840db201b4) Importer(815301076,1909f56bfc062723c751e8b465ee728b)
Start importing Assets/Prefabs/Planets/J1-Planet-Red.prefab using Guid(4df3e6c81aa2e544caa858840db201b4) Importer(815301076,1909f56bfc062723c751e8b465ee728b)  -> (artifact id: '2a2981f0e011e89d5e3b6bbe01ed0273') in 0.024420 seconds
  Import took 0.031092 seconds .

========================================================================
Received Import Request.
  Time since last request: 0.839153 seconds.
  path: Assets/Prefabs/Planets/Sun.prefab
  artifactKey: Guid(81bf6b5460a2cca42987f82be02ac022) Importer(815301076,1909f56bfc062723c751e8b465ee728b)
Start importing Assets/Prefabs/Planets/Sun.prefab using Guid(81bf6b5460a2cca42987f82be02ac022) Importer(815301076,1909f56bfc062723c751e8b465ee728b)  -> (artifact id: 'a41608927f284f366485a5a407455fdf') in 0.058369 seconds
  Import took 0.064615 seconds .

========================================================================
Received Import Request.
  Time since last request: 114.229031 seconds.
  path: Assets/Prefabs/Planets/Sun.prefab
  artifactKey: Guid(81bf6b5460a2cca42987f82be02ac022) Importer(815301076,1909f56bfc062723c751e8b465ee728b)
Start importing Assets/Prefabs/Planets/Sun.prefab using Guid(81bf6b5460a2cca42987f82be02ac022) Importer(815301076,1909f56bfc062723c751e8b465ee728b)  -> (artifact id: '62d80d010a66aff7f0582cd667e05755') in 0.056543 seconds
  Import took 0.063968 seconds .

========================================================================
Received Import Request.
  Time since last request: 166.261197 seconds.
  path: Assets/Scenes/Showcase.unity
  artifactKey: Guid(45fd6529606138f42bb421deb19d44e1) Importer(815301076,1909f56bfc062723c751e8b465ee728b)
Start importing Assets/Scenes/Showcase.unity using Guid(45fd6529606138f42bb421deb19d44e1) Importer(815301076,1909f56bfc062723c751e8b465ee728b)  -> (artifact id: '96f7448e906713e28a00634e365a18b7') in 0.003128 seconds
  Import took 0.008868 seconds .

========================================================================
Received Import Request.
  Time since last request: 0.007730 seconds.
  path: Assets/Scenes/Showcase.unity
  artifactKey: Guid(45fd6529606138f42bb421deb19d44e1) Importer(815301076,1909f56bfc062723c751e8b465ee728b)
Start importing Assets/Scenes/Showcase.unity using Guid(45fd6529606138f42bb421deb19d44e1) Importer(815301076,1909f56bfc062723c751e8b465ee728b)  -> (artifact id: '96f7448e906713e28a00634e365a18b7') in 0.002625 seconds
  Import took 0.007048 seconds .

========================================================================
Received Prepare
Registering precompiled user dll's ...
Registered in 0.001566 seconds.
Begin MonoManager ReloadAssembly
Native extension for WindowsStandalone target not found
Refreshing native plugins compatible for Editor in 0.88 ms, found 0 plugins.
Preloading 0 native plugins for Editor in 0.00 ms.
Invoked RoslynAnalysisRunner static constructor.
RoslynAnalysisRunner will not be running.
RoslynAnalysisRunner has terminated.
Mono: successfully reloaded assembly
- Completed reload, in  1.109 seconds
Platform modules already initialized, skipping
Refreshing native plugins compatible for Editor in 0.76 ms, found 0 plugins.
Preloading 0 native plugins for Editor in 0.00 ms.
Unloading 3250 Unused Serialized files (Serialized files now loaded: 0)
System memory in use before: 248.9 MB.
System memory in use after: 246.8 MB.

Unloading 33 unused Assets to reduce memory usage. Loaded Objects now: 4127.
Total: 5.556200 ms (FindLiveObjects: 0.601500 ms CreateObjectMapping: 0.096100 ms MarkObjects: 3.265400 ms  DeleteObjects: 1.590100 ms)

========================================================================
Received Prepare
Registering precompiled user dll's ...
Registered in 0.002385 seconds.
Begin MonoManager ReloadAssembly
Native extension for WindowsStandalone target not found
Refreshing native plugins compatible for Editor in 0.71 ms, found 0 plugins.
Preloading 0 native plugins for Editor in 0.00 ms.
Invoked RoslynAnalysisRunner static constructor.
RoslynAnalysisRunner will not be running.
RoslynAnalysisRunner has terminated.
Mono: successfully reloaded assembly
- Completed reload, in  1.110 seconds
Platform modules already initialized, skipping
Refreshing native plugins compatible for Editor in 0.72 ms, found 0 plugins.
Preloading 0 native plugins for Editor in 0.00 ms.
Unloading 3237 Unused Serialized files (Serialized files now loaded: 0)
System memory in use before: 248.4 MB.
System memory in use after: 246.2 MB.

Unloading 28 unused Assets to reduce memory usage. Loaded Objects now: 4130.
Total: 4.308000 ms (FindLiveObjects: 0.508500 ms CreateObjectMapping: 0.092700 ms MarkObjects: 2.164800 ms  DeleteObjects: 1.540800 ms)

========================================================================
Received Prepare
Registering precompiled user dll's ...
Registered in 0.001522 seconds.
Begin MonoManager ReloadAssembly
Native extension for WindowsStandalone target not found
Refreshing native plugins compatible for Editor in 0.78 ms, found 0 plugins.
Preloading 0 native plugins for Editor in 0.00 ms.
Invoked RoslynAnalysisRunner static constructor.
RoslynAnalysisRunner will not be running.
RoslynAnalysisRunner has terminated.
Mono: successfully reloaded assembly
- Completed reload, in  1.060 seconds
Platform modules already initialized, skipping
Refreshing native plugins compatible for Editor in 0.73 ms, found 0 plugins.
Preloading 0 native plugins for Editor in 0.00 ms.
Unloading 3237 Unused Serialized files (Serialized files now loaded: 0)
System memory in use before: 248.4 MB.
System memory in use after: 246.3 MB.

Unloading 28 unused Assets to reduce memory usage. Loaded Objects now: 4133.
Total: 4.606100 ms (FindLiveObjects: 0.583000 ms CreateObjectMapping: 0.088400 ms MarkObjects: 2.186400 ms  DeleteObjects: 1.746700 ms)

========================================================================
Received Prepare
Registering precompiled user dll's ...
Registered in 0.001490 seconds.
Begin MonoManager ReloadAssembly
Native extension for WindowsStandalone target not found
Refreshing native plugins compatible for Editor in 0.75 ms, found 0 plugins.
Preloading 0 native plugins for Editor in 0.00 ms.
Invoked RoslynAnalysisRunner static constructor.
RoslynAnalysisRunner will not be running.
RoslynAnalysisRunner has terminated.
Mono: successfully reloaded assembly
- Completed reload, in  0.976 seconds
Platform modules already initialized, skipping
Refreshing native plugins compatible for Editor in 0.72 ms, found 0 plugins.
Preloading 0 native plugins for Editor in 0.00 ms.
Unloading 3242 Unused Serialized files (Serialized files now loaded: 0)
System memory in use before: 249.0 MB.
System memory in use after: 246.8 MB.

Unloading 28 unused Assets to reduce memory usage. Loaded Objects now: 4140.
Total: 5.083000 ms (FindLiveObjects: 0.531800 ms CreateObjectMapping: 0.113600 ms MarkObjects: 2.697200 ms  DeleteObjects: 1.738700 ms)

========================================================================
Received Prepare
Registering precompiled user dll's ...
Registered in 0.001414 seconds.
Begin MonoManager ReloadAssembly
Native extension for WindowsStandalone target not found
Refreshing native plugins compatible for Editor in 0.85 ms, found 0 plugins.
Preloading 0 native plugins for Editor in 0.00 ms.
Invoked RoslynAnalysisRunner static constructor.
RoslynAnalysisRunner will not be running.
RoslynAnalysisRunner has terminated.
Mono: successfully reloaded assembly
- Completed reload, in  0.991 seconds
Platform modules already initialized, skipping
Refreshing native plugins compatible for Editor in 0.75 ms, found 0 plugins.
Preloading 0 native plugins for Editor in 0.00 ms.
Unloading 3242 Unused Serialized files (Serialized files now loaded: 0)
System memory in use before: 249.0 MB.
System memory in use after: 246.8 MB.

Unloading 28 unused Assets to reduce memory usage. Loaded Objects now: 4143.
Total: 6.710700 ms (FindLiveObjects: 0.725900 ms CreateObjectMapping: 0.116300 ms MarkObjects: 3.789900 ms  DeleteObjects: 2.076300 ms)

========================================================================
Received Prepare
Registering precompiled user dll's ...
Registered in 0.001713 seconds.
Begin MonoManager ReloadAssembly
Native extension for WindowsStandalone target not found
Refreshing native plugins compatible for Editor in 0.78 ms, found 0 plugins.
Preloading 0 native plugins for Editor in 0.00 ms.
Invoked RoslynAnalysisRunner static constructor.
RoslynAnalysisRunner will not be running.
RoslynAnalysisRunner has terminated.
Mono: successfully reloaded assembly
- Completed reload, in  1.042 seconds
Platform modules already initialized, skipping
Refreshing native plugins compatible for Editor in 0.75 ms, found 0 plugins.
Preloading 0 native plugins for Editor in 0.00 ms.
Unloading 3242 Unused Serialized files (Serialized files now loaded: 0)
System memory in use before: 249.0 MB.
System memory in use after: 246.8 MB.

Unloading 28 unused Assets to reduce memory usage. Loaded Objects now: 4146.
Total: 5.135600 ms (FindLiveObjects: 0.487600 ms CreateObjectMapping: 0.092200 ms MarkObjects: 2.759800 ms  DeleteObjects: 1.795200 ms)

========================================================================
Received Import Request.
  Time since last request: 801.560533 seconds.
  path: Assets/VFX/Swirl.vfx
  artifactKey: Guid(5cadaaa07da4ecb44b5875036974307d) Importer(815301076,1909f56bfc062723c751e8b465ee728b)
Start importing Assets/VFX/Swirl.vfx using Guid(5cadaaa07da4ecb44b5875036974307d) Importer(815301076,1909f56bfc062723c751e8b465ee728b)  -> (artifact id: '5fc8d69ceeb5ec5a93fa714911374e38') in 0.047434 seconds
  Import took 0.054404 seconds .

========================================================================
Received Import Request.
  Time since last request: 22.971222 seconds.
  path: Assets/VFX/Swirl.vfx
  artifactKey: Guid(5cadaaa07da4ecb44b5875036974307d) Importer(815301076,1909f56bfc062723c751e8b465ee728b)
Start importing Assets/VFX/Swirl.vfx using Guid(5cadaaa07da4ecb44b5875036974307d) Importer(815301076,1909f56bfc062723c751e8b465ee728b)  -> (artifact id: '68ae65a73a0e50d80fe3fe173d2d9ac0') in 0.004450 seconds
  Import took 0.010495 seconds .

========================================================================
Received Import Request.
  Time since last request: 0.018516 seconds.
  path: Assets/VFX/Swirl.vfx
  artifactKey: Guid(5cadaaa07da4ecb44b5875036974307d) Importer(815301076,1909f56bfc062723c751e8b465ee728b)
Start importing Assets/VFX/Swirl.vfx using Guid(5cadaaa07da4ecb44b5875036974307d) Importer(815301076,1909f56bfc062723c751e8b465ee728b)  -> (artifact id: '68ae65a73a0e50d80fe3fe173d2d9ac0') in 0.005049 seconds
  Import took 0.011787 seconds .

========================================================================
Received Import Request.
  Time since last request: 5.754530 seconds.
  path: Assets/VFX/Swirl.vfx
  artifactKey: Guid(5cadaaa07da4ecb44b5875036974307d) Importer(815301076,1909f56bfc062723c751e8b465ee728b)
Start importing Assets/VFX/Swirl.vfx using Guid(5cadaaa07da4ecb44b5875036974307d) Importer(815301076,1909f56bfc062723c751e8b465ee728b)  -> (artifact id: '1703d656278ac5343c22fba5f7c63ceb') in 0.004580 seconds
  Import took 0.010771 seconds .

========================================================================
Received Import Request.
  Time since last request: 11.149703 seconds.
  path: Assets/VFX/Swirl.vfx
  artifactKey: Guid(5cadaaa07da4ecb44b5875036974307d) Importer(815301076,1909f56bfc062723c751e8b465ee728b)
Start importing Assets/VFX/Swirl.vfx using Guid(5cadaaa07da4ecb44b5875036974307d) Importer(815301076,1909f56bfc062723c751e8b465ee728b)  -> (artifact id: '90e0a373ea75a4dfccece7b77fb40955') in 0.002761 seconds
  Import took 0.008885 seconds .

========================================================================
Received Import Request.
  Time since last request: 144.917708 seconds.
  path: Assets/VFX/Swirl.vfx
  artifactKey: Guid(5cadaaa07da4ecb44b5875036974307d) Importer(815301076,1909f56bfc062723c751e8b465ee728b)
Start importing Assets/VFX/Swirl.vfx using Guid(5cadaaa07da4ecb44b5875036974307d) Importer(815301076,1909f56bfc062723c751e8b465ee728b)  -> (artifact id: '2c2ff47bac28a98b99a6e773271179be') in 0.004117 seconds
  Import took 0.009695 seconds .

========================================================================
Received Import Request.
  Time since last request: 0.037351 seconds.
  path: Assets/VFX/Swirl.vfx
  artifactKey: Guid(5cadaaa07da4ecb44b5875036974307d) Importer(815301076,1909f56bfc062723c751e8b465ee728b)
Start importing Assets/VFX/Swirl.vfx using Guid(5cadaaa07da4ecb44b5875036974307d) Importer(815301076,1909f56bfc062723c751e8b465ee728b)  -> (artifact id: '2c2ff47bac28a98b99a6e773271179be') in 0.004047 seconds
  Import took 0.009881 seconds .

========================================================================
Received Prepare
Registering precompiled user dll's ...
Registered in 0.001460 seconds.
Begin MonoManager ReloadAssembly
Native extension for WindowsStandalone target not found
Refreshing native plugins compatible for Editor in 0.74 ms, found 0 plugins.
Preloading 0 native plugins for Editor in 0.00 ms.
Invoked RoslynAnalysisRunner static constructor.
RoslynAnalysisRunner will not be running.
RoslynAnalysisRunner has terminated.
Mono: successfully reloaded assembly
- Completed reload, in  1.000 seconds
Platform modules already initialized, skipping
Refreshing native plugins compatible for Editor in 0.86 ms, found 0 plugins.
Preloading 0 native plugins for Editor in 0.00 ms.
Unloading 3242 Unused Serialized files (Serialized files now loaded: 0)
System memory in use before: 249.0 MB.
System memory in use after: 246.9 MB.

Unloading 28 unused Assets to reduce memory usage. Loaded Objects now: 4149.
Total: 5.162400 ms (FindLiveObjects: 0.482500 ms CreateObjectMapping: 0.091900 ms MarkObjects: 2.478900 ms  DeleteObjects: 2.107300 ms)

========================================================================
Received Import Request.
  Time since last request: 872.269340 seconds.
  path: Assets/VFX/Swirl.vfx
  artifactKey: Guid(5cadaaa07da4ecb44b5875036974307d) Importer(815301076,1909f56bfc062723c751e8b465ee728b)
Start importing Assets/VFX/Swirl.vfx using Guid(5cadaaa07da4ecb44b5875036974307d) Importer(815301076,1909f56bfc062723c751e8b465ee728b)  -> (artifact id: 'dfef8ff029cb9df27455c909fe56de9c') in 0.015426 seconds
  Import took 0.021700 seconds .

========================================================================
Received Import Request.
  Time since last request: 1727.999274 seconds.
  path: Assets/VFX/Swirl.vfx
  artifactKey: Guid(5cadaaa07da4ecb44b5875036974307d) Importer(815301076,1909f56bfc062723c751e8b465ee728b)
Start importing Assets/VFX/Swirl.vfx using Guid(5cadaaa07da4ecb44b5875036974307d) Importer(815301076,1909f56bfc062723c751e8b465ee728b)  -> (artifact id: '3987a6ede05777b2efa061c9e8a02f12') in 0.004058 seconds
  Import took 0.009915 seconds .

========================================================================
Received Import Request.
  Time since last request: 0.009666 seconds.
  path: Assets/VFX/Swirl.vfx
  artifactKey: Guid(5cadaaa07da4ecb44b5875036974307d) Importer(815301076,1909f56bfc062723c751e8b465ee728b)
Start importing Assets/VFX/Swirl.vfx using Guid(5cadaaa07da4ecb44b5875036974307d) Importer(815301076,1909f56bfc062723c751e8b465ee728b)  -> (artifact id: '3987a6ede05777b2efa061c9e8a02f12') in 0.003657 seconds
  Import took 0.008500 seconds .

========================================================================
Received Prepare
Registering precompiled user dll's ...
Registered in 0.001492 seconds.
Begin MonoManager ReloadAssembly
Native extension for WindowsStandalone target not found
Refreshing native plugins compatible for Editor in 0.76 ms, found 0 plugins.
Preloading 0 native plugins for Editor in 0.00 ms.
Invoked RoslynAnalysisRunner static constructor.
RoslynAnalysisRunner will not be running.
RoslynAnalysisRunner has terminated.
Mono: successfully reloaded assembly
- Completed reload, in  0.997 seconds
Platform modules already initialized, skipping
Refreshing native plugins compatible for Editor in 0.77 ms, found 0 plugins.
Preloading 0 native plugins for Editor in 0.00 ms.
Unloading 3242 Unused Serialized files (Serialized files now loaded: 0)
System memory in use before: 249.0 MB.
System memory in use after: 246.9 MB.

Unloading 28 unused Assets to reduce memory usage. Loaded Objects now: 4152.
Total: 4.973200 ms (FindLiveObjects: 0.571300 ms CreateObjectMapping: 0.088500 ms MarkObjects: 2.518000 ms  DeleteObjects: 1.794100 ms)

========================================================================
Received Prepare
Registering precompiled user dll's ...
Registered in 0.001583 seconds.
Begin MonoManager ReloadAssembly
Native extension for WindowsStandalone target not found
Refreshing native plugins compatible for Editor in 0.74 ms, found 0 plugins.
Preloading 0 native plugins for Editor in 0.00 ms.
Invoked RoslynAnalysisRunner static constructor.
RoslynAnalysisRunner will not be running.
RoslynAnalysisRunner has terminated.
Mono: successfully reloaded assembly
- Completed reload, in  0.977 seconds
Platform modules already initialized, skipping
Refreshing native plugins compatible for Editor in 0.71 ms, found 0 plugins.
Preloading 0 native plugins for Editor in 0.00 ms.
Unloading 3242 Unused Serialized files (Serialized files now loaded: 0)
System memory in use before: 249.0 MB.
System memory in use after: 246.9 MB.

Unloading 28 unused Assets to reduce memory usage. Loaded Objects now: 4155.
Total: 5.972000 ms (FindLiveObjects: 0.453100 ms CreateObjectMapping: 0.090000 ms MarkObjects: 3.602300 ms  DeleteObjects: 1.825500 ms)

========================================================================
Received Import Request.
  Time since last request: 108.830707 seconds.
  path: Assets/Textures/Twirl.png
  artifactKey: Guid(103da29a9106c0547b12f07de43f440d) Importer(815301076,1909f56bfc062723c751e8b465ee728b)
Start importing Assets/Textures/Twirl.png using Guid(103da29a9106c0547b12f07de43f440d) Importer(815301076,1909f56bfc062723c751e8b465ee728b)  -> (artifact id: 'fb4ced58a12f9034ff5380d2270fce3c') in 0.067366 seconds
  Import took 0.073326 seconds .

========================================================================
Received Import Request.
  Time since last request: 71.519693 seconds.
  path: Assets/Textures/Twirl.png
  artifactKey: Guid(103da29a9106c0547b12f07de43f440d) Importer(815301076,1909f56bfc062723c751e8b465ee728b)
Start importing Assets/Textures/Twirl.png using Guid(103da29a9106c0547b12f07de43f440d) Importer(815301076,1909f56bfc062723c751e8b465ee728b)  -> (artifact id: '06b8a5683e1143aa60ce8a43c1860757') in 0.013852 seconds
  Import took 0.020160 seconds .

========================================================================
Received Import Request.
  Time since last request: 8.571403 seconds.
  path: Assets/Textures/Twirl.png
  artifactKey: Guid(103da29a9106c0547b12f07de43f440d) Importer(815301076,1909f56bfc062723c751e8b465ee728b)
Start importing Assets/Textures/Twirl.png using Guid(103da29a9106c0547b12f07de43f440d) Importer(815301076,1909f56bfc062723c751e8b465ee728b)  -> (artifact id: '77190ea254bc9d61e03483857bfb4ae9') in 0.011881 seconds
  Import took 0.017851 seconds .

========================================================================
Received Import Request.
  Time since last request: 3.429272 seconds.
  path: Assets/Textures/Twirl.png
  artifactKey: Guid(103da29a9106c0547b12f07de43f440d) Importer(815301076,1909f56bfc062723c751e8b465ee728b)
Start importing Assets/Textures/Twirl.png using Guid(103da29a9106c0547b12f07de43f440d) Importer(815301076,1909f56bfc062723c751e8b465ee728b)  -> (artifact id: '654795566908b1e6f79c81503c8185be') in 0.007883 seconds
  Import took 0.013700 seconds .

========================================================================
Received Prepare
Registering precompiled user dll's ...
Registered in 0.001515 seconds.
Begin MonoManager ReloadAssembly
Native extension for WindowsStandalone target not found
Refreshing native plugins compatible for Editor in 0.84 ms, found 0 plugins.
Preloading 0 native plugins for Editor in 0.00 ms.
Invoked RoslynAnalysisRunner static constructor.
RoslynAnalysisRunner will not be running.
RoslynAnalysisRunner has terminated.
Mono: successfully reloaded assembly
- Completed reload, in  0.978 seconds
Platform modules already initialized, skipping
Refreshing native plugins compatible for Editor in 0.76 ms, found 0 plugins.
Preloading 0 native plugins for Editor in 0.00 ms.
Unloading 3242 Unused Serialized files (Serialized files now loaded: 0)
System memory in use before: 249.0 MB.
System memory in use after: 246.9 MB.

Unloading 28 unused Assets to reduce memory usage. Loaded Objects now: 4159.
Total: 4.964900 ms (FindLiveObjects: 0.486000 ms CreateObjectMapping: 0.093300 ms MarkObjects: 2.403100 ms  DeleteObjects: 1.980500 ms)

========================================================================
Received Import Request.
  Time since last request: 897.789536 seconds.
  path: Assets/VFX/Swirl.vfx
  artifactKey: Guid(5cadaaa07da4ecb44b5875036974307d) Importer(815301076,1909f56bfc062723c751e8b465ee728b)
Start importing Assets/VFX/Swirl.vfx using Guid(5cadaaa07da4ecb44b5875036974307d) Importer(815301076,1909f56bfc062723c751e8b465ee728b)  -> (artifact id: 'f300973b55588116bfe278f6019e8123') in 0.017881 seconds
  Import took 0.025243 seconds .

========================================================================
Received Import Request.
  Time since last request: 5.803639 seconds.
  path: Assets/VFX/Swirl2.shadergraph
  artifactKey: Guid(efdcba3e874ced54d94515b5824f5cd3) Importer(815301076,1909f56bfc062723c751e8b465ee728b)
Start importing Assets/VFX/Swirl2.shadergraph using Guid(efdcba3e874ced54d94515b5824f5cd3) Importer(815301076,1909f56bfc062723c751e8b465ee728b)  -> (artifact id: '24ff35041ac811153226138878f4feb9') in 0.028761 seconds
  Import took 0.034395 seconds .

========================================================================
Received Import Request.
  Time since last request: 81.417833 seconds.
  path: Assets/Textures/Swirl.shadergraph
  artifactKey: Guid(efdcba3e874ced54d94515b5824f5cd3) Importer(815301076,1909f56bfc062723c751e8b465ee728b)
Start importing Assets/Textures/Swirl.shadergraph using Guid(efdcba3e874ced54d94515b5824f5cd3) Importer(815301076,1909f56bfc062723c751e8b465ee728b)  -> (artifact id: 'bfaa0927e95b9798bae084a9b649842e') in 0.004089 seconds
  Import took 0.010441 seconds .

========================================================================
Received Import Request.
  Time since last request: 33.303412 seconds.
  path: Assets/VFX/Swirl.vfx
  artifactKey: Guid(5cadaaa07da4ecb44b5875036974307d) Importer(815301076,1909f56bfc062723c751e8b465ee728b)
Start importing Assets/VFX/Swirl.vfx using Guid(5cadaaa07da4ecb44b5875036974307d) Importer(815301076,1909f56bfc062723c751e8b465ee728b)  -> (artifact id: 'b66065d4793310616b12aefe77cf8088') in 0.003887 seconds
  Import took 0.009522 seconds .

========================================================================
Received Import Request.
  Time since last request: 44.612056 seconds.
  path: Assets/Prefabs/BlackHole.prefab
  artifactKey: Guid(479947bf131531d43b46bf713486d10b) Importer(815301076,1909f56bfc062723c751e8b465ee728b)
Start importing Assets/Prefabs/BlackHole.prefab using Guid(479947bf131531d43b46bf713486d10b) Importer(815301076,1909f56bfc062723c751e8b465ee728b)  -> (artifact id: '5d76f5093c1127d56534fff691936c87') in 0.470106 seconds
  Import took 0.476529 seconds .

========================================================================
Received Import Request.
  Time since last request: 14.733728 seconds.
  path: Assets/Prefabs/BlackHole 1.prefab
  artifactKey: Guid(40b2d4a16ba9cf7459ab98688e76259c) Importer(815301076,1909f56bfc062723c751e8b465ee728b)
Start importing Assets/Prefabs/BlackHole 1.prefab using Guid(40b2d4a16ba9cf7459ab98688e76259c) Importer(815301076,1909f56bfc062723c751e8b465ee728b)  -> (artifact id: 'e67327cfcc376ef9f3138325321a5d78') in 0.032400 seconds
  Import took 0.039389 seconds .

========================================================================
Received Import Request.
  Time since last request: 6.139043 seconds.
  path: Assets/Prefabs/BlackHole.prefab
  artifactKey: Guid(40b2d4a16ba9cf7459ab98688e76259c) Importer(815301076,1909f56bfc062723c751e8b465ee728b)
Start importing Assets/Prefabs/BlackHole.prefab using Guid(40b2d4a16ba9cf7459ab98688e76259c) Importer(815301076,1909f56bfc062723c751e8b465ee728b)  -> (artifact id: 'ab901075f785dd6e87e1e138dfd96f6b') in 0.026494 seconds
  Import took 0.033092 seconds .

========================================================================
Received Prepare
Registering precompiled user dll's ...
Registered in 0.001632 seconds.
Begin MonoManager ReloadAssembly
Native extension for WindowsStandalone target not found
Refreshing native plugins compatible for Editor in 0.81 ms, found 0 plugins.
Preloading 0 native plugins for Editor in 0.00 ms.
Invoked RoslynAnalysisRunner static constructor.
RoslynAnalysisRunner will not be running.
RoslynAnalysisRunner has terminated.
Mono: successfully reloaded assembly
- Completed reload, in  1.014 seconds
Platform modules already initialized, skipping
Refreshing native plugins compatible for Editor in 0.75 ms, found 0 plugins.
Preloading 0 native plugins for Editor in 0.00 ms.
Unloading 3242 Unused Serialized files (Serialized files now loaded: 0)
System memory in use before: 249.4 MB.
System memory in use after: 247.2 MB.

Unloading 28 unused Assets to reduce memory usage. Loaded Objects now: 4263.
Total: 5.339500 ms (FindLiveObjects: 0.585400 ms CreateObjectMapping: 0.092400 ms MarkObjects: 2.725500 ms  DeleteObjects: 1.934600 ms)

AssetImportWorkerClient::OnTransportError - code=2 error=End of file
